<?xml version="1.0" encoding="UTF-8"?>
<!-- Generated by org.testng.reporters.JUnitReportReporter -->
<testsuite skipped="0" hostname="LAPTOP-JF89UMLV" name="TestRunner.Runner" tests="1" failures="0" timestamp="2020-04-10T20:40:32 IST" time="28.392" errors="0">
  <testcase name="feature" time="28.392" classname="TestRunner.Runner"/>
  <system-out>
<div "featureFile">Feature File: D:&#x2F;Practise&#x2F;TestNGCucumber&#x2F;src&#x2F;main&#x2F;java&#x2F;Features&#x2F;Login.feature</div> <div "result">user launch browser (PASSED : 10s)</div> <div "result">user is on login page (PASSED : 0s)</div> <div "result">user logs into application (PASSED : 17s)</div> <div "result">validate logged in username is displayed (PASSED : 0s)</div> <div "result">user closes browser (PASSED : 0s)</div>  </system-out>
</testsuite> <!-- TestRunner.Runner -->
