<?xml version="1.0" encoding="UTF-8"?>
<!-- Generated by org.testng.reporters.JUnitReportReporter -->
<testsuite hostname="LAPTOP-JF89UMLV" failures="0" tests="1" name="TestRunner.Runner" time="30.615" errors="0" timestamp="2020-04-11T17:54:05 IST" skipped="0">
  <testcase classname="TestRunner.Runner" name="feature" time="30.615"/>
  <system-out>
<div "featureFile">Feature File: D:&#x2F;Practise&#x2F;TestNGCucumber&#x2F;src&#x2F;main&#x2F;java&#x2F;Features&#x2F;Login.feature</div> <div "result">user launch browser (PASSED : 12s)</div> <div "result">user is on login page (PASSED : 0s)</div> <div "result">user logs into application (PASSED : 17s)</div> <div "result">validate logged in username is displayed (PASSED : 0s)</div> <div "result">user closes browser (PASSED : 0s)</div>  </system-out>
</testsuite> <!-- TestRunner.Runner -->
